<?xml version="1.0" encoding="UTF-8"?>
<testng-results ignored="0" total="2" passed="2" failed="0" skipped="0">
  <reporter-output>
  </reporter-output>
  <suite started-at="2020-09-09T14:31:06 BST" name="Default suite" finished-at="2020-09-09T14:31:27 BST" duration-ms="20408">
    <groups>
    </groups>
    <test started-at="2020-09-09T14:31:06 BST" name="Default test" finished-at="2020-09-09T14:31:27 BST" duration-ms="20408">
      <class name="tests.Tests">
        <test-method is-config="true" signature="reportSetup()[pri:0, instance:tests.Tests@4944252c]" started-at="2020-09-09T14:31:06 BST" name="reportSetup" finished-at="2020-09-09T14:31:06 BST" duration-ms="257" status="PASS">
          <reporter-output>
          </reporter-output>
        </test-method> <!-- reportSetup -->
        <test-method is-config="true" signature="setup()[pri:0, instance:tests.Tests@4944252c]" started-at="2020-09-09T14:31:06 BST" name="setup" finished-at="2020-09-09T14:31:25 BST" duration-ms="18245" status="PASS">
          <reporter-output>
          </reporter-output>
        </test-method> <!-- setup -->
        <test-method signature="testone()[pri:0, instance:tests.Tests@4944252c]" started-at="2020-09-09T14:31:25 BST" name="testone" finished-at="2020-09-09T14:31:25 BST" duration-ms="33" status="PASS">
          <reporter-output>
          </reporter-output>
        </test-method> <!-- testone -->
        <test-method signature="testtwo()[pri:0, instance:tests.Tests@4944252c]" started-at="2020-09-09T14:31:25 BST" name="testtwo" finished-at="2020-09-09T14:31:27 BST" duration-ms="2058" status="PASS">
          <reporter-output>
          </reporter-output>
        </test-method> <!-- testtwo -->
        <test-method is-config="true" signature="reportTeardown()[pri:0, instance:tests.Tests@4944252c]" started-at="2020-09-09T14:31:27 BST" name="reportTeardown" finished-at="2020-09-09T14:31:28 BST" depends-on-methods="tests.BaseClass.teardown" duration-ms="724" status="PASS">
          <reporter-output>
          </reporter-output>
        </test-method> <!-- reportTeardown -->
        <test-method is-config="true" signature="teardown()[pri:0, instance:tests.Tests@4944252c]" started-at="2020-09-09T14:31:27 BST" name="teardown" finished-at="2020-09-09T14:31:27 BST" duration-ms="0" status="PASS">
          <reporter-output>
          </reporter-output>
        </test-method> <!-- teardown -->
      </class> <!-- tests.Tests -->
    </test> <!-- Default test -->
  </suite> <!-- Default suite -->
</testng-results>
