<?xml version="1.0" encoding="UTF-8"?>
<testng-results ignored="0" total="2" passed="2" failed="0" skipped="0">
  <reporter-output>
  </reporter-output>
  <suite started-at="2020-09-08T14:56:08Z" name="Default suite" finished-at="2020-09-08T14:56:10Z" duration-ms="1981">
    <groups>
    </groups>
    <test started-at="2020-09-08T14:56:08Z" name="Default test" finished-at="2020-09-08T14:56:10Z" duration-ms="1981">
      <class name="tests.Tests">
        <test-method is-config="true" signature="setup()[pri:0, instance:tests.Tests@13b3d178]" started-at="2020-09-08T14:55:51Z" name="setup" finished-at="2020-09-08T14:56:08Z" duration-ms="17235" status="PASS">
          <reporter-output>
          </reporter-output>
        </test-method> <!-- setup -->
        <test-method signature="testone()[pri:0, instance:tests.Tests@13b3d178]" started-at="2020-09-08T14:56:08Z" name="testone" finished-at="2020-09-08T14:56:08Z" duration-ms="12" status="PASS">
          <reporter-output>
          </reporter-output>
        </test-method> <!-- testone -->
        <test-method signature="testtwo()[pri:0, instance:tests.Tests@13b3d178]" started-at="2020-09-08T14:56:08Z" name="testtwo" finished-at="2020-09-08T14:56:10Z" duration-ms="1932" status="PASS">
          <reporter-output>
          </reporter-output>
        </test-method> <!-- testtwo -->
        <test-method is-config="true" signature="teardown()[pri:0, instance:tests.Tests@13b3d178]" started-at="2020-09-08T14:56:11Z" name="teardown" finished-at="2020-09-08T14:56:11Z" duration-ms="322" status="FAIL">
          <exception class="org.openqa.selenium.NoSuchSessionException">
            <message>
              <![CDATA[invalid session id
Build info: version: '3.141.59', revision: 'e82be7d358', time: '2018-11-14T08:17:03'
System info: host: 'LAPTOP-IF1N6R8V', ip: '192.168.1.104', os.name: 'Windows 10', os.arch: 'amd64', os.version: '10.0', java.version: '11.0.1'
Driver info: io.appium.java_client.AppiumDriver
Capabilities {appActivity: com.google.android.apps.chr..., appPackage: com.android.chrome, automationName: UiAutomator2, browserName: chrome, databaseEnabled: false, desired: {automationName: UiAutomator2, browserName: chrome, deviceName: OP5T, goog:chromeOptions: {args: [], extensions: [], w3c: false}, newCommandTimeout: 60, platformName: android, platformVersion: 9, udid: 375d34e3}, deviceApiLevel: 28, deviceManufacturer: OnePlus, deviceModel: ONEPLUS A5010, deviceName: 375d34e3, deviceScreenDensity: 420, deviceScreenSize: 1080x2160, deviceUDID: 375d34e3, goog:chromeOptions: {args: [], extensions: [], w3c: false}, javascriptEnabled: true, locationContextEnabled: false, networkConnectionEnabled: true, newCommandTimeout: 60, pixelRatio: 2.625, platform: LINUX, platformName: LINUX, platformVersion: 9, statBarHeight: 63, takesScreenshot: true, udid: 375d34e3, viewportRect: {height: 1971, left: 0, top: 63, width: 1080}, warnings: {}, webStorageEnabled: false}
Session ID: 6f5f7010-e3ab-472c-8105-1d940161154e]]>
            </message>
            <full-stacktrace>
              <![CDATA[org.openqa.selenium.NoSuchSessionException: invalid session id
Build info: version: '3.141.59', revision: 'e82be7d358', time: '2018-11-14T08:17:03'
System info: host: 'LAPTOP-IF1N6R8V', ip: '192.168.1.104', os.name: 'Windows 10', os.arch: 'amd64', os.version: '10.0', java.version: '11.0.1'
Driver info: io.appium.java_client.AppiumDriver
Capabilities {appActivity: com.google.android.apps.chr..., appPackage: com.android.chrome, automationName: UiAutomator2, browserName: chrome, databaseEnabled: false, desired: {automationName: UiAutomator2, browserName: chrome, deviceName: OP5T, goog:chromeOptions: {args: [], extensions: [], w3c: false}, newCommandTimeout: 60, platformName: android, platformVersion: 9, udid: 375d34e3}, deviceApiLevel: 28, deviceManufacturer: OnePlus, deviceModel: ONEPLUS A5010, deviceName: 375d34e3, deviceScreenDensity: 420, deviceScreenSize: 1080x2160, deviceUDID: 375d34e3, goog:chromeOptions: {args: [], extensions: [], w3c: false}, javascriptEnabled: true, locationContextEnabled: false, networkConnectionEnabled: true, newCommandTimeout: 60, pixelRatio: 2.625, platform: LINUX, platformName: LINUX, platformVersion: 9, statBarHeight: 63, takesScreenshot: true, udid: 375d34e3, viewportRect: {height: 1971, left: 0, top: 63, width: 1080}, warnings: {}, webStorageEnabled: false}
Session ID: 6f5f7010-e3ab-472c-8105-1d940161154e
at java.base/jdk.internal.reflect.NativeConstructorAccessorImpl.newInstance0(Native Method)
at java.base/jdk.internal.reflect.NativeConstructorAccessorImpl.newInstance(NativeConstructorAccessorImpl.java:62)
at java.base/jdk.internal.reflect.DelegatingConstructorAccessorImpl.newInstance(DelegatingConstructorAccessorImpl.java:45)
at java.base/java.lang.reflect.Constructor.newInstance(Constructor.java:490)
at org.openqa.selenium.remote.http.W3CHttpResponseCodec.createException(W3CHttpResponseCodec.java:187)
at org.openqa.selenium.remote.http.W3CHttpResponseCodec.decode(W3CHttpResponseCodec.java:122)
at org.openqa.selenium.remote.http.W3CHttpResponseCodec.decode(W3CHttpResponseCodec.java:49)
at org.openqa.selenium.remote.HttpCommandExecutor.execute(HttpCommandExecutor.java:158)
at io.appium.java_client.remote.AppiumCommandExecutor.execute(AppiumCommandExecutor.java:239)
at org.openqa.selenium.remote.RemoteWebDriver.execute(RemoteWebDriver.java:552)
at io.appium.java_client.DefaultGenericMobileDriver.execute(DefaultGenericMobileDriver.java:46)
at io.appium.java_client.AppiumDriver.execute(AppiumDriver.java:1)
at org.openqa.selenium.remote.RemoteWebDriver.close(RemoteWebDriver.java:442)
at tests.BaseClass.teardown(BaseClass.java:65)
at java.base/jdk.internal.reflect.NativeMethodAccessorImpl.invoke0(Native Method)
at java.base/jdk.internal.reflect.NativeMethodAccessorImpl.invoke(NativeMethodAccessorImpl.java:62)
at java.base/jdk.internal.reflect.DelegatingMethodAccessorImpl.invoke(DelegatingMethodAccessorImpl.java:43)
at java.base/java.lang.reflect.Method.invoke(Method.java:566)
at org.testng.internal.MethodInvocationHelper.invokeMethod(MethodInvocationHelper.java:124)
at org.testng.internal.MethodInvocationHelper.invokeMethodConsideringTimeout(MethodInvocationHelper.java:59)
at org.testng.internal.Invoker.invokeConfigurationMethod(Invoker.java:458)
at org.testng.internal.Invoker.invokeConfigurations(Invoker.java:222)
at org.testng.internal.Invoker.invokeConfigurations(Invoker.java:142)
at org.testng.SuiteRunner.privateRun(SuiteRunner.java:425)
at org.testng.SuiteRunner.run(SuiteRunner.java:364)
at org.testng.SuiteRunnerWorker.runSuite(SuiteRunnerWorker.java:52)
at org.testng.SuiteRunnerWorker.run(SuiteRunnerWorker.java:84)
at org.testng.TestNG.runSuitesSequentially(TestNG.java:1208)
at org.testng.TestNG.runSuitesLocally(TestNG.java:1137)
at org.testng.TestNG.runSuites(TestNG.java:1049)
at org.testng.TestNG.run(TestNG.java:1017)
at org.testng.remote.AbstractRemoteTestNG.run(AbstractRemoteTestNG.java:115)
at org.testng.remote.RemoteTestNG.initAndRun(RemoteTestNG.java:251)
at org.testng.remote.RemoteTestNG.main(RemoteTestNG.java:77)
]]>
            </full-stacktrace>
          </exception> <!-- org.openqa.selenium.NoSuchSessionException -->
          <reporter-output>
          </reporter-output>
        </test-method> <!-- teardown -->
      </class> <!-- tests.Tests -->
    </test> <!-- Default test -->
  </suite> <!-- Default suite -->
</testng-results>
